c:\users\hx3r\source\repos\matchmaker\matchmaker\debug\vc142.pdb
c:\users\hx3r\source\repos\matchmaker\matchmaker\debug\vc142.idb
c:\users\hx3r\source\repos\matchmaker\matchmaker\debug\session.obj
c:\users\hx3r\source\repos\matchmaker\matchmaker\debug\client.obj
c:\users\hx3r\source\repos\matchmaker\matchmaker\debug\server.obj
c:\users\hx3r\source\repos\matchmaker\matchmaker\debug\main.obj
c:\users\hx3r\source\repos\matchmaker\debug\matchmaker.pdb
c:\users\hx3r\source\repos\matchmaker\matchmaker\debug\matchmaker.tlog\cl.command.1.tlog
c:\users\hx3r\source\repos\matchmaker\matchmaker\debug\matchmaker.tlog\cl.read.1.tlog
c:\users\hx3r\source\repos\matchmaker\matchmaker\debug\matchmaker.tlog\cl.write.1.tlog
c:\users\hx3r\source\repos\matchmaker\matchmaker\debug\matchmaker.tlog\link-cvtres.read.1.tlog
c:\users\hx3r\source\repos\matchmaker\matchmaker\debug\matchmaker.tlog\link-cvtres.write.1.tlog
c:\users\hx3r\source\repos\matchmaker\matchmaker\debug\matchmaker.tlog\link-rc.read.1.tlog
c:\users\hx3r\source\repos\matchmaker\matchmaker\debug\matchmaker.tlog\link-rc.write.1.tlog
c:\users\hx3r\source\repos\matchmaker\matchmaker\debug\matchmaker.tlog\link.8904-cvtres.read.1.tlog
c:\users\hx3r\source\repos\matchmaker\matchmaker\debug\matchmaker.tlog\link.8904-cvtres.write.1.tlog
c:\users\hx3r\source\repos\matchmaker\matchmaker\debug\matchmaker.tlog\link.8904-rc.read.1.tlog
c:\users\hx3r\source\repos\matchmaker\matchmaker\debug\matchmaker.tlog\link.8904-rc.write.1.tlog
c:\users\hx3r\source\repos\matchmaker\matchmaker\debug\matchmaker.tlog\link.8904.read.1.tlog
c:\users\hx3r\source\repos\matchmaker\matchmaker\debug\matchmaker.tlog\link.8904.write.1.tlog
c:\users\hx3r\source\repos\matchmaker\matchmaker\debug\matchmaker.tlog\link.command.1.tlog
c:\users\hx3r\source\repos\matchmaker\matchmaker\debug\matchmaker.tlog\link.read.1.tlog
c:\users\hx3r\source\repos\matchmaker\matchmaker\debug\matchmaker.tlog\link.write.1.tlog
